# JRE version: Java(TM) SE Runtime Environment (21.0.9+7) (build 21.0.9+7-LTS-338)
# Java VM: Java HotSpot(TM) 64-Bit Server VM (21.0.9+7-LTS-338, mixed mode, emulated-client, sharing, tiered, compressed oops, compressed class ptrs, g1 gc, windows-amd64)
GC Precious Log:
 CardTable entry size: 512
 Card Set container configuration: InlinePtr #cards 5 size 8 Array Of Cards #cards 12 size 40 Howl #buckets 4 coarsen threshold 1843 Howl Bitmap #cards 512 size 80 coarsen threshold 460 Card regions per heap region 1 cards per card region 2048
 CPUs: 4 total, 4 available
 Memory: 3996M
 Large Page Support: Disabled
 NUMA Support: Disabled
 Compressed Oops: Enabled (32-bit)
 Heap Region Size: 1M
 Heap Min Capacity: 8M
 Heap Initial Capacity: 64M
 Heap Max Capacity: 1000M
 Pre-touch: Disabled
 Parallel Workers: 4
 Concurrent Workers: 1
 Concurrent Refinement Workers: 4
 Periodic GC: Disabled
Heap:
 garbage-first heap   total 61440K, used 34292K [0x00000000c1800000, 0x0000000100000000)
  region size 1024K, 18 young (18432K), 4 survivors (4096K)
 Metaspace       used 34132K, committed 34624K, reserved 1114112K
  class space    used 4580K, committed 4800K, reserved 1048576K
GC Heap History (16 events):
Event: 4.154 GC heap before
{Heap before GC invocations=0 (full 0):
 garbage-first heap   total 65536K, used 14336K [0x00000000c1800000, 0x0000000100000000)
  region size 1024K, 13 young (13312K), 0 survivors (0K)
 Metaspace       used 3275K, committed 3456K, reserved 1114112K
  class space    used 369K, committed 448K, reserved 1048576K
}
Event: 4.172 GC heap after
{Heap after GC invocations=1 (full 0):
 garbage-first heap   total 65536K, used 6800K [0x00000000c1800000, 0x0000000100000000)
  region size 1024K, 2 young (2048K), 2 survivors (2048K)
 Metaspace       used 3275K, committed 3456K, reserved 1114112K
  class space    used 369K, committed 448K, reserved 1048576K
}
Event: 5.528 GC heap before
{Heap before GC invocations=1 (full 0):
 garbage-first heap   total 65536K, used 17040K [0x00000000c1800000, 0x0000000100000000)
  region size 1024K, 13 young (13312K), 2 survivors (2048K)
 Metaspace       used 7259K, committed 7488K, reserved 1114112K
  class space    used 862K, committed 960K, reserved 1048576K
}
Event: 5.540 GC heap after
{Heap after GC invocations=2 (full 0):
 garbage-first heap   total 65536K, used 8497K [0x00000000c1800000, 0x0000000100000000)
  region size 1024K, 2 young (2048K), 2 survivors (2048K)
 Metaspace       used 7259K, committed 7488K, reserved 1114112K
  class space    used 862K, committed 960K, reserved 1048576K
}
Event: 6.789 GC heap before
{Heap before GC invocations=2 (full 0):
 garbage-first heap   total 65536K, used 37169K [0x00000000c1800000, 0x0000000100000000)
  region size 1024K, 27 young (27648K), 2 survivors (2048K)
 Metaspace       used 10580K, committed 10880K, reserved 1114112K
  class space    used 1258K, committed 1408K, reserved 1048576K
}
Event: 6.808 GC heap after
{Heap after GC invocations=3 (full 0):
 garbage-first heap   total 65536K, used 12542K [0x00000000c1800000, 0x0000000100000000)
  region size 1024K, 4 young (4096K), 4 survivors (4096K)
 Metaspace       used 10580K, committed 10880K, reserved 1114112K
  class space    used 1258K, committed 1408K, reserved 1048576K
}
Event: 8.609 GC heap before
{Heap before GC invocations=3 (full 0):
 garbage-first heap   total 65536K, used 41214K [0x00000000c1800000, 0x0000000100000000)
  region size 1024K, 32 young (32768K), 4 survivors (4096K)
 Metaspace       used 15823K, committed 16256K, reserved 1114112K
  class space    used 1968K, committed 2176K, reserved 1048576K
}
Event: 8.633 GC heap after
{Heap after GC invocations=4 (full 0):
 garbage-first heap   total 65536K, used 15303K [0x00000000c1800000, 0x0000000100000000)
  region size 1024K, 3 young (3072K), 3 survivors (3072K)
 Metaspace       used 15823K, committed 16256K, reserved 1114112K
  class space    used 1968K, committed 2176K, reserved 1048576K
}
Event: 21.777 GC heap before
{Heap before GC invocations=4 (full 0):
 garbage-first heap   total 65536K, used 41927K [0x00000000c1800000, 0x0000000100000000)
  region size 1024K, 30 young (30720K), 3 survivors (3072K)
 Metaspace       used 21099K, committed 21504K, reserved 1114112K
  class space    used 2666K, committed 2816K, reserved 1048576K
}
Event: 21.792 GC heap after
{Heap after GC invocations=5 (full 0):
 garbage-first heap   total 65536K, used 16633K [0x00000000c1800000, 0x0000000100000000)
  region size 1024K, 2 young (2048K), 2 survivors (2048K)
 Metaspace       used 21099K, committed 21504K, reserved 1114112K
  class space    used 2666K, committed 2816K, reserved 1048576K
}
Event: 25.716 GC heap before
{Heap before GC invocations=6 (full 0):
 garbage-first heap   total 61440K, used 50425K [0x00000000c1800000, 0x0000000100000000)
  region size 1024K, 35 young (35840K), 2 survivors (2048K)
 Metaspace       used 26067K, committed 26496K, reserved 1114112K
  class space    used 3475K, committed 3648K, reserved 1048576K
}
Event: 25.723 GC heap after
{Heap after GC invocations=7 (full 0):
 garbage-first heap   total 61440K, used 18086K [0x00000000c1800000, 0x0000000100000000)
  region size 1024K, 3 young (3072K), 3 survivors (3072K)
 Metaspace       used 26067K, committed 26496K, reserved 1114112K
  class space    used 3475K, committed 3648K, reserved 1048576K
}
Event: 26.352 GC heap before
{Heap before GC invocations=7 (full 0):
 garbage-first heap   total 61440K, used 48806K [0x00000000c1800000, 0x0000000100000000)
  region size 1024K, 34 young (34816K), 3 survivors (3072K)
 Metaspace       used 30127K, committed 30656K, reserved 1114112K
  class space    used 3945K, committed 4160K, reserved 1048576K
}
Event: 26.361 GC heap after
{Heap after GC invocations=8 (full 0):
 garbage-first heap   total 61440K, used 19108K [0x00000000c1800000, 0x0000000100000000)
  region size 1024K, 4 young (4096K), 4 survivors (4096K)
 Metaspace       used 30127K, committed 30656K, reserved 1114112K
  class space    used 3945K, committed 4160K, reserved 1048576K
}
Event: 30.633 GC heap before
{Heap before GC invocations=8 (full 0):
 garbage-first heap   total 61440K, used 50852K [0x00000000c1800000, 0x0000000100000000)
  region size 1024K, 35 young (35840K), 4 survivors (4096K)
 Metaspace       used 32434K, committed 32896K, reserved 1114112K
  class space    used 4303K, committed 4480K, reserved 1048576K
}
Event: 30.650 GC heap after
{Heap after GC invocations=9 (full 0):
 garbage-first heap   total 61440K, used 20980K [0x00000000c1800000, 0x0000000100000000)
  region size 1024K, 4 young (4096K), 4 survivors (4096K)
 Metaspace       used 32434K, committed 32896K, reserved 1114112K
  class space    used 4303K, committed 4480K, reserved 1048576K
}

